<?xml version="1.0" encoding="UTF-8"?>
<!-- Generated by org.testng.reporters.JUnitReportReporter -->
<testsuite hostname="Chitty26" failures="0" tests="1" name="com.hrms.testscript.TC002" time="11.844" errors="0" timestamp="14 Jun 2023 12:34:03 GMT">
  <testcase classname="com.hrms.testscript.TC002" name="tc002" time="11.844"/>
</testsuite> <!-- com.hrms.testscript.TC002 -->
